<?xml version="1.0" encoding="UTF-8"?>
<testsuite name="dao.Sql2oNewsDaoTest" tests="1" skipped="0" failures="0" errors="0" timestamp="2021-06-24T19:13:08" hostname="moringa-ThinkPad-X250" time="0.117">
  <properties/>
  <testcase name="addNews" classname="dao.Sql2oNewsDaoTest" time="0.117"/>
  <system-out><![CDATA[]]></system-out>
  <system-err><![CDATA[]]></system-err>
</testsuite>
