<?xml version="1.0" encoding="UTF-8"?>
<testsuite name="models.DepartmentTest" tests="3" skipped="0" failures="0" errors="0" timestamp="2021-06-24T19:13:09" hostname="moringa-ThinkPad-X250" time="0.005">
  <properties/>
  <testcase name="Department_instantiatesWithCorrectValues" classname="models.DepartmentTest" time="0.001"/>
  <testcase name="DepartmentInstantiatesCorrectly" classname="models.DepartmentTest" time="0.0"/>
  <testcase name="setId" classname="models.DepartmentTest" time="0.002"/>
  <system-out><![CDATA[]]></system-out>
  <system-err><![CDATA[]]></system-err>
</testsuite>
