<?xml version="1.0" encoding="UTF-8"?>
<testsuite name="dao.Sql2oDepartmentDaoTest" tests="3" skipped="0" failures="0" errors="0" timestamp="2021-06-24T19:13:09" hostname="moringa-ThinkPad-X250" time="0.338">
  <properties/>
  <testcase name="getAll" classname="dao.Sql2oDepartmentDaoTest" time="0.18"/>
  <testcase name="addDepo" classname="dao.Sql2oDepartmentDaoTest" time="0.077"/>
  <testcase name="findById" classname="dao.Sql2oDepartmentDaoTest" time="0.078"/>
  <system-out><![CDATA[]]></system-out>
  <system-err><![CDATA[]]></system-err>
</testsuite>
